10:25:32 [INFO] post_training.behavior_clustering.src.config: Config loaded (YAML): /tmp/birch_sweep_xZBVUu.yaml
10:25:32 [INFO] behavior_clustering: Settings: {
  "random_state": 42,
  "fps": 20,
  "smoothing_alpha": 0.7,
  "birch_threshold": 2.0,
  "birch_branching_factor": 500,
  "birch_batch_size": 10000,
  "linkage_method": "ward",
  "distance_threshold": 75.0,
  "gpu_batch_size": 256,
  "eval_distance_thresholds": [
    60.0,
    65.0,
    70.0,
    75.0,
    80.0,
    85.0,
    90.0,
    95.0
  ]
}
10:25:32 [INFO] behavior_clustering: Loading embeddings …
10:29:46 [INFO] post_training.behavior_clustering.src.data: Loaded 2974 segments (3999504 total frames, 128 dims) from /home/shares/schaerm/schaer2/thibaut/humanlisbet/output/full_train/embeddings/models/hlis-gr-w1200-o600-L8-H8-E128-FF512-auggeom-embedder/embeddings/train
10:30:25 [INFO] post_training.behavior_clustering.src.data: Loaded 452 segments (708169 total frames, 128 dims) from /home/shares/schaerm/schaer2/thibaut/humanlisbet/output/full_train/embeddings/models/hlis-gr-w1200-o600-L8-H8-E128-FF512-auggeom-embedder/embeddings/test
10:30:25 [INFO] behavior_clustering: Smoothing (alpha=0.70) …
10:31:11 [INFO] post_training.behavior_clustering.src.smoothing: Smoothed 2974 segments (alpha=0.70) → 3999504 total frames
10:31:20 [INFO] post_training.behavior_clustering.src.smoothing: Smoothed 452 segments (alpha=0.70) → 708169 total frames
10:40:11 [INFO] behavior_clustering: Scaling with RobustScaler …
10:40:19 [INFO] post_training.behavior_clustering.src.preprocessing: RobustScaler fitted on 3999504 samples × 128 features
10:40:21 [INFO] post_training.behavior_clustering.src.preprocessing: Scaler saved → post_training/behavior_clustering/results/sweep_birch_thr_2.0/scaler.joblib
10:40:26 [INFO] behavior_clustering: BIRCH subclustering …
10:42:36 [INFO] post_training.behavior_clustering.src.clustering: BIRCH fitted: 98314 subclusters (threshold=2.0, branching_factor=500)
10:42:53 [INFO] post_training.behavior_clustering.src.clustering: BIRCH model saved → post_training/behavior_clustering/results/sweep_birch_thr_2.0/birch_model.joblib
10:42:53 [INFO] behavior_clustering: GPU label assignment …
10:43:18 [INFO] post_training.behavior_clustering.src.clustering: GPU label assignment: 3999504 frames → 98314 centroids
10:43:23 [INFO] post_training.behavior_clustering.src.clustering: GPU label assignment: 708169 frames → 98314 centroids
10:43:31 [INFO] behavior_clustering: Hierarchical refinement …
10:43:31 [INFO] post_training.behavior_clustering.src.clustering: Computing ward linkage on 98314 subcluster centroids …
/var/spool/slurmd/job7262899/slurm_script: line 42: 868969 Killed                  python -m post_training.behavior_clustering.src.run_clustering --embeddings-dir "$EMBEDDINGS_DIR" --output-dir "$OUTPUT_DIR" --config "$TMP_CONFIG" --log-level INFO
SLURM array task 1 (threshold=2.0) finished with exit code 0
[2026-03-11T10:53:26.890] error: Detected 1 oom_kill event in StepId=7262899.batch. Some of the step tasks have been OOM Killed.
