17:42:47 [INFO] post_training.behavior_clustering.src.config: Config loaded (YAML): /tmp/birch_sweep_mnE9O9.yaml
17:42:47 [INFO] behavior_clustering: Settings: {
  "random_state": 42,
  "fps": 20,
  "smoothing_alpha": 0.7,
  "birch_threshold": 15.0,
  "birch_branching_factor": 500,
  "birch_batch_size": 10000,
  "linkage_method": "ward",
  "distance_threshold": 75.0,
  "gpu_batch_size": 256,
  "eval_distance_thresholds": [
    60.0,
    65.0,
    70.0,
    75.0,
    80.0,
    85.0,
    90.0,
    95.0
  ]
}
17:42:47 [INFO] behavior_clustering: Loading embeddings …
17:43:46 [INFO] post_training.behavior_clustering.src.data: Loaded 2974 segments (3999504 total frames, 128 dims) from /home/shares/schaerm/schaer2/thibaut/humanlisbet/output/full_train/embeddings/models/hlis-gr-w1200-o600-L8-H8-E128-FF512-auggeom-embedder/embeddings/train
17:43:56 [INFO] post_training.behavior_clustering.src.data: Loaded 452 segments (708169 total frames, 128 dims) from /home/shares/schaerm/schaer2/thibaut/humanlisbet/output/full_train/embeddings/models/hlis-gr-w1200-o600-L8-H8-E128-FF512-auggeom-embedder/embeddings/test
17:43:56 [INFO] behavior_clustering: Smoothing (alpha=0.70) …
17:44:43 [INFO] post_training.behavior_clustering.src.smoothing: Smoothed 2974 segments (alpha=0.70) → 3999504 total frames
17:44:51 [INFO] post_training.behavior_clustering.src.smoothing: Smoothed 452 segments (alpha=0.70) → 708169 total frames
17:53:45 [INFO] behavior_clustering: Scaling with RobustScaler …
17:53:53 [INFO] post_training.behavior_clustering.src.preprocessing: RobustScaler fitted on 3999504 samples × 128 features
17:53:55 [INFO] post_training.behavior_clustering.src.preprocessing: Scaler saved → post_training/behavior_clustering/results/sweep_birch_thr_15.0/scaler.joblib
17:54:07 [INFO] behavior_clustering: BIRCH subclustering …
17:55:09 [INFO] post_training.behavior_clustering.src.clustering: BIRCH fitted: 1 subclusters (threshold=15.0, branching_factor=500)
17:55:10 [INFO] post_training.behavior_clustering.src.clustering: BIRCH model saved → post_training/behavior_clustering/results/sweep_birch_thr_15.0/birch_model.joblib
17:55:10 [INFO] behavior_clustering: GPU label assignment …
17:55:15 [INFO] post_training.behavior_clustering.src.clustering: GPU label assignment: 3999504 frames → 1 centroids
17:55:15 [INFO] post_training.behavior_clustering.src.clustering: GPU label assignment: 708169 frames → 1 centroids
17:55:23 [INFO] behavior_clustering: Hierarchical refinement …
17:55:23 [INFO] post_training.behavior_clustering.src.clustering: Computing ward linkage on 1 subcluster centroids …
Traceback (most recent call last):
  File "<frozen runpy>", line 198, in _run_module_as_main
  File "<frozen runpy>", line 88, in _run_code
  File "/srv/beegfs/scratch/shares/schaerm/schaer2/video_sam2_pose/humanLISBET-paper/post_training/behavior_clustering/src/run_clustering.py", line 367, in <module>
    main()
  File "/srv/beegfs/scratch/shares/schaerm/schaer2/video_sam2_pose/humanLISBET-paper/post_training/behavior_clustering/src/run_clustering.py", line 222, in main
    sub_labels, linkage_mat = hierarchical_refinement(
                              ^^^^^^^^^^^^^^^^^^^^^^^^
  File "/srv/beegfs/scratch/shares/schaerm/schaer2/video_sam2_pose/humanLISBET-paper/post_training/behavior_clustering/src/clustering.py", line 171, in hierarchical_refinement
    linkage_matrix = linkage(
                     ^^^^^^^^
  File "/home/shares/schaerm/schaer2/thibaut/humanlisbet/lisbet_venv/lib/python3.12/site-packages/scipy/cluster/hierarchy.py", line 1049, in linkage
    n = distance.num_obs_y(y)
        ^^^^^^^^^^^^^^^^^^^^^
  File "/home/shares/schaerm/schaer2/thibaut/humanlisbet/lisbet_venv/lib/python3.12/site-packages/scipy/spatial/distance.py", line 2749, in num_obs_y
    raise ValueError("The number of observations cannot be determined on "
ValueError: The number of observations cannot be determined on an empty distance matrix.
SLURM array task 6 (threshold=15.0) finished with exit code 0
