16:45:58 [INFO] post_training.behavior_clustering.src.config: Config loaded (YAML): /tmp/birch_sweep_q8Wh1R.yaml
16:45:58 [INFO] behavior_clustering: Settings: {
  "random_state": 42,
  "fps": 20,
  "smoothing_alpha": 0.7,
  "birch_threshold": 3.0,
  "birch_branching_factor": 500,
  "birch_batch_size": 10000,
  "linkage_method": "ward",
  "distance_threshold": 75.0,
  "gpu_batch_size": 256,
  "eval_distance_thresholds": [
    60.0,
    65.0,
    70.0,
    75.0,
    80.0,
    85.0,
    90.0,
    95.0
  ]
}
16:45:58 [INFO] behavior_clustering: Loading embeddings …
16:50:37 [INFO] post_training.behavior_clustering.src.data: Loaded 2974 segments (3999504 total frames, 128 dims) from /home/shares/schaerm/schaer2/thibaut/humanlisbet/output/full_train/embeddings/models/hlis-gr-w1200-o600-L8-H8-E128-FF512-auggeom-embedder/embeddings/train
16:51:21 [INFO] post_training.behavior_clustering.src.data: Loaded 452 segments (708169 total frames, 128 dims) from /home/shares/schaerm/schaer2/thibaut/humanlisbet/output/full_train/embeddings/models/hlis-gr-w1200-o600-L8-H8-E128-FF512-auggeom-embedder/embeddings/test
16:51:22 [INFO] behavior_clustering: Smoothing (alpha=0.70) …
16:52:08 [INFO] post_training.behavior_clustering.src.smoothing: Smoothed 2974 segments (alpha=0.70) → 3999504 total frames
16:52:16 [INFO] post_training.behavior_clustering.src.smoothing: Smoothed 452 segments (alpha=0.70) → 708169 total frames
17:04:14 [INFO] behavior_clustering: Scaling with RobustScaler …
17:04:22 [INFO] post_training.behavior_clustering.src.preprocessing: RobustScaler fitted on 3999504 samples × 128 features
17:04:23 [INFO] post_training.behavior_clustering.src.preprocessing: Scaler saved → post_training/behavior_clustering/results/sweep_birch_thr_3.0/scaler.joblib
17:04:24 [INFO] behavior_clustering: BIRCH subclustering …
17:06:26 [INFO] post_training.behavior_clustering.src.clustering: BIRCH fitted: 43798 subclusters (threshold=3.0, branching_factor=500)
17:06:36 [INFO] post_training.behavior_clustering.src.clustering: BIRCH model saved → post_training/behavior_clustering/results/sweep_birch_thr_3.0/birch_model.joblib
17:06:36 [INFO] behavior_clustering: GPU label assignment …
17:06:49 [INFO] post_training.behavior_clustering.src.clustering: GPU label assignment: 3999504 frames → 43798 centroids
17:06:51 [INFO] post_training.behavior_clustering.src.clustering: GPU label assignment: 708169 frames → 43798 centroids
17:06:59 [INFO] behavior_clustering: Hierarchical refinement …
17:06:59 [INFO] post_training.behavior_clustering.src.clustering: Computing ward linkage on 43798 subcluster centroids …
17:09:33 [INFO] post_training.behavior_clustering.src.clustering: Hierarchical cut at distance=75.0 → 105 clusters
17:09:40 [INFO] behavior_clustering: Running evaluation …
17:12:04 [INFO] post_training.behavior_clustering.src.evaluation: Quality metrics computed for 8 thresholds [60 … 95]
17:13:11 [INFO] post_training.behavior_clustering.src.evaluation: Cross-video: 105 clusters, 0 segment-specific (0%), 0 widespread (0%)
17:13:11 [INFO] post_training.behavior_clustering.src.evaluation: Cross-video: 105 clusters, 0 segment-specific (0%), 0 widespread (0%)
17:13:11 [INFO] behavior_clustering: Generating figures …
17:14:31 [INFO] post_training.behavior_clustering.src.visualization: Skipping heatmap: 105 clusters > max_clusters=50
17:14:31 [INFO] behavior_clustering: Pipeline complete in 1713.8 s — 105 clusters, stability=0.963 (train) / 0.910 (test)
SLURM array task 0 (threshold=3.0) finished with exit code 0
