16:59:59 [INFO] post_training.behavior_clustering.src.config: Config loaded (YAML): post_training/behavior_clustering/configs/v2.yaml
16:59:59 [INFO] behavior_clustering: Settings: {
  "random_state": 42,
  "fps": 20,
  "smoothing_method": "median",
  "smoothing_alpha": 0.7,
  "smoothing_median_window": 5,
  "reduction_method": "umap",
  "umap_n_components": 15,
  "umap_n_neighbors": 30,
  "umap_min_dist": 0.1,
  "umap_metric": "euclidean",
  "umap_random_state": 42,
  "umap_search_enabled": false,
  "umap_search_n_neighbors_grid": [
    5,
    10,
    15,
    20,
    30
  ],
  "umap_search_min_dist_grid": [
    0.0,
    0.05,
    0.1,
    0.2
  ],
  "reduction_validation_metric": "dbcv",
  "reduction_validation_cv_mode": "train_segment_kfold",
  "reduction_validation_n_splits": 5,
  "birch_threshold": 9.0,
  "birch_branching_factor": 500,
  "birch_batch_size": 10000,
  "linkage_method": "ward",
  "distance_threshold": 75.0,
  "clustering_method": "hdbscan",
  "hdbscan_min_cluster_size": 10,
  "hdbscan_min_samples": 5,
  "hdbscan_cluster_selection_method": "eom",
  "hdbscan_metric": "euclidean",
  "gpu_batch_size": 256,
  "eval_distance_thresholds": [
    60.0,
    65.0,
    70.0,
    75.0,
    80.0,
    85.0,
    90.0,
    95.0
  ],
  "artifact_mode": "standard",
  "save_stage_data": true,
  "save_stage_plots": true
}
16:59:59 [INFO] behavior_clustering: Loading embeddings …
17:04:03 [INFO] post_training.behavior_clustering.src.data: Loaded 2974 segments (3999504 total frames, 128 dims) from /home/shares/schaerm/schaer2/thibaut/humanlisbet/output/full_train/embeddings/models/hlis-gr-w1200-o600-L8-H8-E128-FF512-auggeom-embedder/embeddings/train
17:04:40 [INFO] post_training.behavior_clustering.src.data: Loaded 452 segments (708169 total frames, 128 dims) from /home/shares/schaerm/schaer2/thibaut/humanlisbet/output/full_train/embeddings/models/hlis-gr-w1200-o600-L8-H8-E128-FF512-auggeom-embedder/embeddings/test
17:04:40 [INFO] behavior_clustering: Smoothing (method=median, alpha=0.70, median_window=5) …
17:06:41 [INFO] post_training.behavior_clustering.src.smoothing: Smoothed 2974 segments (method=median) → 3999504 total frames
17:07:02 [INFO] post_training.behavior_clustering.src.smoothing: Smoothed 452 segments (method=median) → 708169 total frames
17:24:14 [INFO] behavior_clustering: Scaling with RobustScaler …
17:24:21 [INFO] post_training.behavior_clustering.src.preprocessing: RobustScaler fitted on 3999504 samples × 128 features
17:24:23 [INFO] post_training.behavior_clustering.src.preprocessing: Scaler saved → post_training/behavior_clustering/results/v2/scaler.joblib
17:24:25 [INFO] behavior_clustering: UMAP reduction enabled …
/home/shares/schaerm/schaer2/thibaut/humanlisbet/lisbet_venv/lib/python3.12/site-packages/umap/umap_.py:1952: UserWarning: n_jobs value 1 overridden to 1 by setting random_state. Use no seed for parallelism.
  warn(
/home/shares/schaerm/schaer2/thibaut/humanlisbet/lisbet_venv/lib/python3.12/site-packages/sklearn/manifold/_spectral_embedding.py:453: UserWarning: Exited at iteration 425 with accuracies 
[3.88045396e-15 2.09262449e-05 2.57496989e-05 2.67500193e-05
 1.95671387e-05 1.78361404e-05 2.80136107e-05 2.88484304e-05
 3.46967719e-05 2.58375831e-05 4.29211712e-05 2.29670158e-05
 2.99055748e-05 3.22733241e-05 3.12373200e-05 3.16179319e-05
 3.21043662e-05]
not reaching the requested tolerance 3.2395124435424805e-05.
Use iteration 425 instead with accuracy 
2.654425542382608e-05.

  _, diffusion_map = lobpcg(
/home/shares/schaerm/schaer2/thibaut/humanlisbet/lisbet_venv/lib/python3.12/site-packages/sklearn/manifold/_spectral_embedding.py:453: UserWarning: Exited postprocessing with accuracies 
[2.68439322e-15 2.09262447e-05 2.57496989e-05 2.67500192e-05
 1.95671389e-05 1.78361404e-05 2.80136129e-05 2.88484283e-05
 3.46967714e-05 2.58375839e-05 4.29211729e-05 2.29670127e-05
 2.99055746e-05 3.22733240e-05 3.12373200e-05 3.16179320e-05
 3.21043662e-05]
not reaching the requested tolerance 3.2395124435424805e-05.
  _, diffusion_map = lobpcg(
/home/shares/schaerm/schaer2/thibaut/humanlisbet/lisbet_venv/lib/python3.12/site-packages/umap/spectral.py:548: UserWarning: Spectral initialisation failed! The eigenvector solver
failed. This is likely due to too small an eigengap. Consider
adding some noise or jitter to your data.

Falling back to random initialisation!
  warn(
21:17:08 [INFO] post_training.behavior_clustering.src.reduction: Reducer saved -> post_training/behavior_clustering/results/v2/umap_reducer.joblib
21:17:08 [INFO] behavior_clustering: BIRCH subclustering …
21:18:09 [INFO] post_training.behavior_clustering.src.clustering: BIRCH fitted: 1 subclusters (threshold=9.0, branching_factor=500)
21:18:09 [INFO] post_training.behavior_clustering.src.clustering: BIRCH model saved → post_training/behavior_clustering/results/v2/birch_model.joblib
21:18:09 [INFO] behavior_clustering: GPU label assignment …
21:18:12 [INFO] post_training.behavior_clustering.src.clustering: GPU label assignment: 3999504 frames → 1 centroids
21:18:12 [INFO] post_training.behavior_clustering.src.clustering: GPU label assignment: 708169 frames → 1 centroids
21:18:28 [INFO] behavior_clustering: HDBSCAN refinement …
Traceback (most recent call last):
  File "/srv/beegfs/scratch/shares/schaerm/schaer2/video_sam2_pose/humanLISBET-paper/post_training/behavior_clustering/src/clustering.py", line 218, in hdbscan_refinement
    """
        
ModuleNotFoundError: No module named 'hdbscan'

The above exception was the direct cause of the following exception:

Traceback (most recent call last):
  File "<frozen runpy>", line 198, in _run_module_as_main
  File "<frozen runpy>", line 88, in _run_code
  File "/srv/beegfs/scratch/shares/schaerm/schaer2/video_sam2_pose/humanLISBET-paper/post_training/behavior_clustering/src/run_clustering.py", line 568, in <module>
    summary["umap_selected_params"] = selected_umap_params
^^^^^^
  File "/srv/beegfs/scratch/shares/schaerm/schaer2/video_sam2_pose/humanLISBET-paper/post_training/behavior_clustering/src/run_clustering.py", line 368, in main
    linkage_mat, columns=["cluster1", "cluster2", "distance", "n_points"],
                       ^^^^^^^^^^^^^^^^^^^^^^^^^^^^^^^^^^^^^^^^^^^^^^^^^^^
  File "/srv/beegfs/scratch/shares/schaerm/schaer2/video_sam2_pose/humanLISBET-paper/post_training/behavior_clustering/src/clustering.py", line 220, in hdbscan_refinement
    import hdbscan
ImportError: HDBSCAN clustering requested but package is missing. Install with: pip install hdbscan
SLURM array task   finished with exit code 1
